<?xml version="1.0" encoding="UTF-8"?>
<testsuites name="BATool Test Suite" time="1469" tests="0" failures="1" errors="0">
   <testsuite name="BATool Test Suite" tests="0" failures="1" errors="0" time="1469" timestamp="2018-12-12 12:28:51" hostname="ananta.dave - CDAHMLPT056.cignexdatamatics.com" id="Test Suites/BATool Test Suite">
      <properties>
         <property name="deviceName" value=""/>
         <property name="devicePlatform" value=""/>
         <property name="logFolder" value="C:\\Users\\ananta.dave\\Katalon Studio\\BATool\\Reports\\BATool Test Suite\\20181212_122848"/>
         <property name="logFiles" value="C:\\Users\\ananta.dave\\Katalon Studio\\BATool\\Reports\\BATool Test Suite\\20181212_122848\\execution0.log"/>
         <property name="attachments" value="C:\\Users\\ananta.dave\\Katalon Studio\\BATool\\Reports\\BATool Test Suite\\20181212_122848\\1544599397137.png"/>
         <property name="hostName" value="ananta.dave - CDAHMLPT056.cignexdatamatics.com"/>
         <property name="os" value="Windows 10 64bit"/>
         <property name="katalonVersion" value="5.8.4.14"/>
         <property name="browser" value="Chrome 71.0.3578.80"/>
         <property name="hostAddress" value="192.168.10.208"/>
         <property name="sessionId" value="1ed4b0aa06f485dd91606b87605f218a"/>
         <property name="seleniumVersion" value="3.7.1"/>
         <property name="proxyInformation" value="ProxyInformation{proxyOption=NO_PROXY, proxyServerType=HTTP, password=, proxyServerAddress=, proxyServerPort=0}"/>
         <property name="platform" value="Windows 10"/>
      </properties>
      <testcase name="Test Cases/CreateItemTF" classname="Test Cases/CreateItemTF" status="FAILED">
         <failure type="FAILED" message="(Stack trace: com.kms.katalon.core.exception.StepFailedException: Unable to click on object 'Object Repository/Page_Bulk Authoring Tool/a_clicking here' (Root cause: com.kms.katalon.core.webui.exception.WebElementNotFoundException: Web element with id: 'Object Repository/Page_Bulk Authoring Tool/a_clicking here' located by 'By.xpath: //a[contains(text(),'clicking here')]' not found)
	at com.kms.katalon.core.keyword.internal.KeywordMain.stepFailed(KeywordMain.groovy:36)
	at com.kms.katalon.core.webui.keyword.internal.WebUIKeywordMain.stepFailed(WebUIKeywordMain.groovy:65)
	at com.kms.katalon.core.webui.keyword.internal.WebUIKeywordMain.runKeyword(WebUIKeywordMain.groovy:27)
	at com.kms.katalon.core.webui.keyword.builtin.ClickKeyword.click(ClickKeyword.groovy:86)
	at com.kms.katalon.core.webui.keyword.builtin.ClickKeyword.execute(ClickKeyword.groovy:67)
	at com.kms.katalon.core.keyword.internal.KeywordExecutor.executeKeywordForPlatform(KeywordExecutor.groovy:53)
	at com.kms.katalon.core.webui.keyword.WebUiBuiltInKeywords.click(WebUiBuiltInKeywords.groovy:616)
	at com.kms.katalon.core.webui.keyword.WebUiBuiltInKeywords$click$1.call(Unknown Source)
	at org.codehaus.groovy.runtime.callsite.CallSiteArray.defaultCall(CallSiteArray.java:48)
	at org.codehaus.groovy.runtime.callsite.AbstractCallSite.call(AbstractCallSite.java:113)
	at org.codehaus.groovy.runtime.callsite.AbstractCallSite.call(AbstractCallSite.java:125)
	at Script1544083118215.run(Script1544083118215.groovy:72)
	at com.kms.katalon.core.main.ScriptEngine.run(ScriptEngine.java:183)
	at com.kms.katalon.core.main.ScriptEngine.runScriptAsRawText(ScriptEngine.java:108)
	at com.kms.katalon.core.main.TestCaseExecutor.runScript(TestCaseExecutor.java:294)
	at com.kms.katalon.core.main.TestCaseExecutor.doExecute(TestCaseExecutor.java:285)
	at com.kms.katalon.core.main.TestCaseExecutor.processExecutionPhase(TestCaseExecutor.java:264)
	at com.kms.katalon.core.main.TestCaseExecutor.accessMainPhase(TestCaseExecutor.java:256)
	at com.kms.katalon.core.main.TestCaseExecutor.execute(TestCaseExecutor.java:200)
	at com.kms.katalon.core.main.TestSuiteExecutor.accessTestCaseMainPhase(TestSuiteExecutor.java:129)
	at com.kms.katalon.core.main.TestSuiteExecutor.accessTestSuiteMainPhase(TestSuiteExecutor.java:112)
	at com.kms.katalon.core.main.TestSuiteExecutor.execute(TestSuiteExecutor.java:81)
	at com.kms.katalon.core.main.TestCaseMain.startTestSuite(TestCaseMain.java:142)
	at com.kms.katalon.core.main.TestCaseMain$startTestSuite$0.call(Unknown Source)
	at org.codehaus.groovy.runtime.callsite.CallSiteArray.defaultCall(CallSiteArray.java:48)
	at org.codehaus.groovy.runtime.callsite.AbstractCallSite.call(AbstractCallSite.java:113)
	at org.codehaus.groovy.runtime.callsite.AbstractCallSite.call(AbstractCallSite.java:141)
	at TempTestSuite1544597928338.run(TempTestSuite1544597928338.groovy:36)
	at groovy.lang.GroovyShell.runScriptOrMainOrTestOrRunnable(GroovyShell.java:263)
	at groovy.lang.GroovyShell.run(GroovyShell.java:518)
	at groovy.lang.GroovyShell.run(GroovyShell.java:507)
	at groovy.ui.GroovyMain.processOnce(GroovyMain.java:653)
	at groovy.ui.GroovyMain.run(GroovyMain.java:384)
	at groovy.ui.GroovyMain.process(GroovyMain.java:370)
	at groovy.ui.GroovyMain.processArgs(GroovyMain.java:129)
	at groovy.ui.GroovyMain.main(GroovyMain.java:109)
	at sun.reflect.NativeMethodAccessorImpl.invoke0(Native Method)
	at sun.reflect.NativeMethodAccessorImpl.invoke(NativeMethodAccessorImpl.java:62)
	at sun.reflect.DelegatingMethodAccessorImpl.invoke(DelegatingMethodAccessorImpl.java:43)
	at java.lang.reflect.Method.invoke(Method.java:498)
	at org.codehaus.groovy.tools.GroovyStarter.rootLoader(GroovyStarter.java:109)
	at org.codehaus.groovy.tools.GroovyStarter.main(GroovyStarter.java:131)
)"/>
         <system-out><![CDATA[2018-12-12 12:28:51 - [TEST_CASE][FAILED] - Test Cases/CreateItemTF: Test Cases/CreateItemTF FAILED because (of) (Stack trace: com.kms.katalon.core.exception.StepFailedException: Unable to click on object 'Object Repository/Page_Bulk Authoring Tool/a_clicking here' (Root cause: com.kms.katalon.core.webui.exception.WebElementNotFoundException: Web element with id: 'Object Repository/Page_Bulk Authoring Tool/a_clicking here' located by 'By.xpath: //a[contains(text(),'clicking here')]' not found)
	at com.kms.katalon.core.keyword.internal.KeywordMain.stepFailed(KeywordMain.groovy:36)
	at com.kms.katalon.core.webui.keyword.internal.WebUIKeywordMain.stepFailed(WebUIKeywordMain.groovy:65)
	at com.kms.katalon.core.webui.keyword.internal.WebUIKeywordMain.runKeyword(WebUIKeywordMain.groovy:27)
	at com.kms.katalon.core.webui.keyword.builtin.ClickKeyword.click(ClickKeyword.groovy:86)
	at com.kms.katalon.core.webui.keyword.builtin.ClickKeyword.execute(ClickKeyword.groovy:67)
	at com.kms.katalon.core.keyword.internal.KeywordExecutor.executeKeywordForPlatform(KeywordExecutor.groovy:53)
	at com.kms.katalon.core.webui.keyword.WebUiBuiltInKeywords.click(WebUiBuiltInKeywords.groovy:616)
	at com.kms.katalon.core.webui.keyword.WebUiBuiltInKeywords$click$1.call(Unknown Source)
	at org.codehaus.groovy.runtime.callsite.CallSiteArray.defaultCall(CallSiteArray.java:48)
	at org.codehaus.groovy.runtime.callsite.AbstractCallSite.call(AbstractCallSite.java:113)
	at org.codehaus.groovy.runtime.callsite.AbstractCallSite.call(AbstractCallSite.java:125)
	at Script1544083118215.run(Script1544083118215.groovy:72)
	at com.kms.katalon.core.main.ScriptEngine.run(ScriptEngine.java:183)
	at com.kms.katalon.core.main.ScriptEngine.runScriptAsRawText(ScriptEngine.java:108)
	at com.kms.katalon.core.main.TestCaseExecutor.runScript(TestCaseExecutor.java:294)
	at com.kms.katalon.core.main.TestCaseExecutor.doExecute(TestCaseExecutor.java:285)
	at com.kms.katalon.core.main.TestCaseExecutor.processExecutionPhase(TestCaseExecutor.java:264)
	at com.kms.katalon.core.main.TestCaseExecutor.accessMainPhase(TestCaseExecutor.java:256)
	at com.kms.katalon.core.main.TestCaseExecutor.execute(TestCaseExecutor.java:200)
	at com.kms.katalon.core.main.TestSuiteExecutor.accessTestCaseMainPhase(TestSuiteExecutor.java:129)
	at com.kms.katalon.core.main.TestSuiteExecutor.accessTestSuiteMainPhase(TestSuiteExecutor.java:112)
	at com.kms.katalon.core.main.TestSuiteExecutor.execute(TestSuiteExecutor.java:81)
	at com.kms.katalon.core.main.TestCaseMain.startTestSuite(TestCaseMain.java:142)
	at com.kms.katalon.core.main.TestCaseMain$startTestSuite$0.call(Unknown Source)
	at org.codehaus.groovy.runtime.callsite.CallSiteArray.defaultCall(CallSiteArray.java:48)
	at org.codehaus.groovy.runtime.callsite.AbstractCallSite.call(AbstractCallSite.java:113)
	at org.codehaus.groovy.runtime.callsite.AbstractCallSite.call(AbstractCallSite.java:141)
	at TempTestSuite1544597928338.run(TempTestSuite1544597928338.groovy:36)
	at groovy.lang.GroovyShell.runScriptOrMainOrTestOrRunnable(GroovyShell.java:263)
	at groovy.lang.GroovyShell.run(GroovyShell.java:518)
	at groovy.lang.GroovyShell.run(GroovyShell.java:507)
	at groovy.ui.GroovyMain.processOnce(GroovyMain.java:653)
	at groovy.ui.GroovyMain.run(GroovyMain.java:384)
	at groovy.ui.GroovyMain.process(GroovyMain.java:370)
	at groovy.ui.GroovyMain.processArgs(GroovyMain.java:129)
	at groovy.ui.GroovyMain.main(GroovyMain.java:109)
	at sun.reflect.NativeMethodAccessorImpl.invoke0(Native Method)
	at sun.reflect.NativeMethodAccessorImpl.invoke(NativeMethodAccessorImpl.java:62)
	at sun.reflect.DelegatingMethodAccessorImpl.invoke(DelegatingMethodAccessorImpl.java:43)
	at java.lang.reflect.Method.invoke(Method.java:498)
	at org.codehaus.groovy.tools.GroovyStarter.rootLoader(GroovyStarter.java:109)
	at org.codehaus.groovy.tools.GroovyStarter.main(GroovyStarter.java:131)
)

2018-12-12 12:28:52 - [TEST_STEP][PASSED] - openBrowser: Browser is opened with url: ''

2018-12-12 12:28:58 - [MESSAGE][PASSED] - Browser is opened with url: ''

2018-12-12 12:28:58 - [TEST_STEP][PASSED] - navigateToUrl: Navigate to 'https://bat-qa.macmillan-learning.com/gateway/index.php' successfully

2018-12-12 12:29:00 - [MESSAGE][PASSED] - Navigate to 'https://bat-qa.macmillan-learning.com/gateway/index.php' successfully

2018-12-12 12:29:00 - [TEST_STEP][PASSED] - click: Object: 'Object Repository/Page_Lumina Datamatics/a_Click here' is clicked on

2018-12-12 12:29:03 - [MESSAGE][PASSED] - Object: 'Object Repository/Page_Lumina Datamatics/a_Click here' is clicked on

2018-12-12 12:29:03 - [TEST_STEP][PASSED] - setText: Text 'testuser' is set on object 'Object Repository/Page_Lumina Datamatics/input_User name_username'

2018-12-12 12:29:08 - [MESSAGE][PASSED] - Text 'testuser' is set on object 'Object Repository/Page_Lumina Datamatics/input_User name_username'

2018-12-12 12:29:08 - [TEST_STEP][PASSED] - setEncryptedText: Text ****** has been set on object 'Object Repository/Page_Lumina Datamatics/input_Password_password'

2018-12-12 12:29:11 - [MESSAGE][PASSED] - Text ****** has been set on object 'Object Repository/Page_Lumina Datamatics/input_Password_password'

2018-12-12 12:29:11 - [TEST_STEP][PASSED] - click: Object: 'Object Repository/Page_Lumina Datamatics/input_Password_submitButton' is clicked on

2018-12-12 12:29:21 - [MESSAGE][PASSED] - Object: 'Object Repository/Page_Lumina Datamatics/input_Password_submitButton' is clicked on

2018-12-12 12:29:21 - [TEST_STEP][PASSED] - click: Object: 'Object Repository/Page_Common Gateway/a_Bulk Authoring Tool' is clicked on

2018-12-12 12:29:42 - [MESSAGE][PASSED] - Object: 'Object Repository/Page_Common Gateway/a_Bulk Authoring Tool' is clicked on

2018-12-12 12:29:42 - [TEST_STEP][PASSED] - click: Object: 'Object Repository/Page_Bulk Authoring Tool/a_Operations' is clicked on

2018-12-12 12:29:44 - [MESSAGE][PASSED] - Object: 'Object Repository/Page_Bulk Authoring Tool/a_Operations' is clicked on

2018-12-12 12:29:44 - [TEST_STEP][PASSED] - click: Object: 'Object Repository/Page_Bulk Authoring Tool/a_Create a new item' is clicked on

2018-12-12 12:29:47 - [MESSAGE][PASSED] - Object: 'Object Repository/Page_Bulk Authoring Tool/a_Create a new item' is clicked on

2018-12-12 12:29:47 - [TEST_STEP][PASSED] - click: Object: 'Object Repository/Page_Bulk Authoring Tool/a_True or False' is clicked on

2018-12-12 12:29:52 - [MESSAGE][PASSED] - Object: 'Object Repository/Page_Bulk Authoring Tool/a_True or False' is clicked on

2018-12-12 12:29:52 - [TEST_STEP][PASSED] - selectOptionByLabel: All options with label 'AD Automation added_9' are selected in object 'Object Repository/Page_Bulk Authoring Tool/select_Select ProductLehninger'  using regular expression

2018-12-12 12:31:09 - [MESSAGE][PASSED] - All options with label 'AD Automation added_9' are selected in object 'Object Repository/Page_Bulk Authoring Tool/select_Select ProductLehninger'  using regular expression

2018-12-12 12:31:09 - [TEST_STEP][PASSED] - selectOptionByLabel: All options with label 'Chapter added automation_9' are selected in object 'Object Repository/Page_Bulk Authoring Tool/select_Select ChapterChapter A'  using regular expression

2018-12-12 12:31:19 - [MESSAGE][PASSED] - All options with label 'Chapter added automation_9' are selected in object 'Object Repository/Page_Bulk Authoring Tool/select_Select ChapterChapter A'  using regular expression

2018-12-12 12:31:19 - [TEST_STEP][PASSED] - setText: Text 'TF Automation added1' is set on object 'Object Repository/Page_Bulk Authoring Tool/input_Title_title'

2018-12-12 12:31:24 - [MESSAGE][PASSED] - Text 'TF Automation added1' is set on object 'Object Repository/Page_Bulk Authoring Tool/input_Title_title'

2018-12-12 12:31:24 - [TEST_STEP][PASSED] - setText: Text 'Testhint' is set on object 'Object Repository/Page_Bulk Authoring Tool/input_Hint_hint'

2018-12-12 12:31:28 - [MESSAGE][PASSED] - Text 'Testhint' is set on object 'Object Repository/Page_Bulk Authoring Tool/input_Hint_hint'

2018-12-12 12:31:28 - [TEST_STEP][PASSED] - click: Object: 'Object Repository/Page_Bulk Authoring Tool/input_Hint_desctoo' is clicked on

2018-12-12 12:31:30 - [MESSAGE][PASSED] - Object: 'Object Repository/Page_Bulk Authoring Tool/input_Hint_desctoo' is clicked on

2018-12-12 12:31:30 - [TEST_STEP][PASSED] - click: Object: 'Object Repository/Page_Bulk Authoring Tool/input_Elements path_stemtoo' is clicked on

2018-12-12 12:31:32 - [MESSAGE][PASSED] - Object: 'Object Repository/Page_Bulk Authoring Tool/input_Elements path_stemtoo' is clicked on

2018-12-12 12:31:32 - [TEST_STEP][PASSED] - click: Object: 'Object Repository/Page_Bulk Authoring Tool/input_Elements path_mc_promptt' is clicked on

2018-12-12 12:31:35 - [MESSAGE][PASSED] - Object: 'Object Repository/Page_Bulk Authoring Tool/input_Elements path_mc_promptt' is clicked on

2018-12-12 12:31:35 - [TEST_STEP][PASSED] - setText: Text 'default feedback' is set on object 'Object Repository/Page_Bulk Authoring Tool/input_Default Feedback_default'

2018-12-12 12:31:39 - [MESSAGE][PASSED] - Text 'default feedback' is set on object 'Object Repository/Page_Bulk Authoring Tool/input_Default Feedback_default'

2018-12-12 12:31:39 - [TEST_STEP][PASSED] - click: Object: 'Object Repository/Page_Bulk Authoring Tool/input_YesNo_randomization' is clicked on

2018-12-12 12:31:41 - [MESSAGE][PASSED] - Object: 'Object Repository/Page_Bulk Authoring Tool/input_YesNo_randomization' is clicked on

2018-12-12 12:31:41 - [TEST_STEP][PASSED] - click: Object: 'Object Repository/Page_Bulk Authoring Tool/p' is clicked on

2018-12-12 12:31:43 - [MESSAGE][PASSED] - Object: 'Object Repository/Page_Bulk Authoring Tool/p' is clicked on

2018-12-12 12:31:43 - [TEST_STEP][PASSED] - setText: Text '<p style=""><ins class="ice-ins ice-cts" data-cid="2" data-userid="" data-username="" data-changedata="" data-time="1544531589758" data-last-change-time="1544531593317" style="">Feedback for True</ins><br></p>' is set on object 'Object Repository/Page_Bulk Authoring Tool/div_Feedback for True'

2018-12-12 12:31:49 - [MESSAGE][PASSED] - Text '<p style=""><ins class="ice-ins ice-cts" data-cid="2" data-userid="" data-username="" data-changedata="" data-time="1544531589758" data-last-change-time="1544531593317" style="">Feedback for True</ins><br></p>' is set on object 'Object Repository/Page_Bulk Authoring Tool/div_Feedback for True'

2018-12-12 12:31:49 - [TEST_STEP][PASSED] - click: Object: 'Object Repository/Page_Bulk Authoring Tool/input_False_correct_answer' is clicked on

2018-12-12 12:31:51 - [MESSAGE][PASSED] - Object: 'Object Repository/Page_Bulk Authoring Tool/input_False_correct_answer' is clicked on

2018-12-12 12:31:51 - [TEST_STEP][PASSED] - click: Object: 'Object Repository/Page_Bulk Authoring Tool/p_1' is clicked on

2018-12-12 12:31:53 - [MESSAGE][PASSED] - Object: 'Object Repository/Page_Bulk Authoring Tool/p_1' is clicked on

2018-12-12 12:31:53 - [TEST_STEP][PASSED] - setText: Text '<p style=""><ins class="ice-ins ice-cts" data-cid="2" data-userid="" data-username="" data-changedata="" data-time="1544531597762" data-last-change-time="1544531600410" style="">Feedback for false</ins><br></p>' is set on object 'Object Repository/Page_Bulk Authoring Tool/div_Feedback for false'

2018-12-12 12:31:59 - [MESSAGE][PASSED] - Text '<p style=""><ins class="ice-ins ice-cts" data-cid="2" data-userid="" data-username="" data-changedata="" data-time="1544531597762" data-last-change-time="1544531600410" style="">Feedback for false</ins><br></p>' is set on object 'Object Repository/Page_Bulk Authoring Tool/div_Feedback for false'

2018-12-12 12:31:59 - [TEST_STEP][PASSED] - setText: Text 'raptor123' is set on object 'Object Repository/Page_Bulk Authoring Tool/input_Raptor ID_raptor_id'

2018-12-12 12:32:03 - [MESSAGE][PASSED] - Text 'raptor123' is set on object 'Object Repository/Page_Bulk Authoring Tool/input_Raptor ID_raptor_id'

2018-12-12 12:32:03 - [TEST_STEP][PASSED] - selectOptionByValue: All options with value '1' are selected in object 'Object Repository/Page_Bulk Authoring Tool/select_-- Select one --Writer'  using regular expression

2018-12-12 12:32:23 - [MESSAGE][PASSED] - All options with value '1' are selected in object 'Object Repository/Page_Bulk Authoring Tool/select_-- Select one --Writer'  using regular expression

2018-12-12 12:32:23 - [TEST_STEP][PASSED] - click: Object: 'Object Repository/Page_Bulk Authoring Tool/input_Workflow stage_submit' is clicked on

2018-12-12 12:32:25 - [MESSAGE][PASSED] - Object: 'Object Repository/Page_Bulk Authoring Tool/input_Workflow stage_submit' is clicked on

2018-12-12 12:32:25 - [TEST_STEP][FAILED] - click: Unable to click on object 'Object Repository/Page_Bulk Authoring Tool/a_clicking here' (Root cause: com.kms.katalon.core.webui.exception.WebElementNotFoundException: Web element with id: 'Object Repository/Page_Bulk Authoring Tool/a_clicking here' located by 'By.xpath: //a[contains(text(),'clicking here')]' not found)

2018-12-12 12:53:18 - [MESSAGE][FAILED] - Unable to click on object 'Object Repository/Page_Bulk Authoring Tool/a_clicking here' (Root cause: com.kms.katalon.core.webui.exception.WebElementNotFoundException: Web element with id: 'Object Repository/Page_Bulk Authoring Tool/a_clicking here' located by 'By.xpath: //a[contains(text(),'clicking here')]' not found)
[[ATTACHMENT|C:\\Users\\ananta.dave\\Katalon Studio\\BATool\\Reports\\BATool Test Suite\\20181212_122848\\1544599397137.png]]]]></system-out>
         <system-err><![CDATA[2018-12-12 12:28:51 - [TEST_CASE][FAILED] - Test Cases/CreateItemTF: Test Cases/CreateItemTF FAILED because (of) (Stack trace: com.kms.katalon.core.exception.StepFailedException: Unable to click on object 'Object Repository/Page_Bulk Authoring Tool/a_clicking here' (Root cause: com.kms.katalon.core.webui.exception.WebElementNotFoundException: Web element with id: 'Object Repository/Page_Bulk Authoring Tool/a_clicking here' located by 'By.xpath: //a[contains(text(),'clicking here')]' not found)
	at com.kms.katalon.core.keyword.internal.KeywordMain.stepFailed(KeywordMain.groovy:36)
	at com.kms.katalon.core.webui.keyword.internal.WebUIKeywordMain.stepFailed(WebUIKeywordMain.groovy:65)
	at com.kms.katalon.core.webui.keyword.internal.WebUIKeywordMain.runKeyword(WebUIKeywordMain.groovy:27)
	at com.kms.katalon.core.webui.keyword.builtin.ClickKeyword.click(ClickKeyword.groovy:86)
	at com.kms.katalon.core.webui.keyword.builtin.ClickKeyword.execute(ClickKeyword.groovy:67)
	at com.kms.katalon.core.keyword.internal.KeywordExecutor.executeKeywordForPlatform(KeywordExecutor.groovy:53)
	at com.kms.katalon.core.webui.keyword.WebUiBuiltInKeywords.click(WebUiBuiltInKeywords.groovy:616)
	at com.kms.katalon.core.webui.keyword.WebUiBuiltInKeywords$click$1.call(Unknown Source)
	at org.codehaus.groovy.runtime.callsite.CallSiteArray.defaultCall(CallSiteArray.java:48)
	at org.codehaus.groovy.runtime.callsite.AbstractCallSite.call(AbstractCallSite.java:113)
	at org.codehaus.groovy.runtime.callsite.AbstractCallSite.call(AbstractCallSite.java:125)
	at Script1544083118215.run(Script1544083118215.groovy:72)
	at com.kms.katalon.core.main.ScriptEngine.run(ScriptEngine.java:183)
	at com.kms.katalon.core.main.ScriptEngine.runScriptAsRawText(ScriptEngine.java:108)
	at com.kms.katalon.core.main.TestCaseExecutor.runScript(TestCaseExecutor.java:294)
	at com.kms.katalon.core.main.TestCaseExecutor.doExecute(TestCaseExecutor.java:285)
	at com.kms.katalon.core.main.TestCaseExecutor.processExecutionPhase(TestCaseExecutor.java:264)
	at com.kms.katalon.core.main.TestCaseExecutor.accessMainPhase(TestCaseExecutor.java:256)
	at com.kms.katalon.core.main.TestCaseExecutor.execute(TestCaseExecutor.java:200)
	at com.kms.katalon.core.main.TestSuiteExecutor.accessTestCaseMainPhase(TestSuiteExecutor.java:129)
	at com.kms.katalon.core.main.TestSuiteExecutor.accessTestSuiteMainPhase(TestSuiteExecutor.java:112)
	at com.kms.katalon.core.main.TestSuiteExecutor.execute(TestSuiteExecutor.java:81)
	at com.kms.katalon.core.main.TestCaseMain.startTestSuite(TestCaseMain.java:142)
	at com.kms.katalon.core.main.TestCaseMain$startTestSuite$0.call(Unknown Source)
	at org.codehaus.groovy.runtime.callsite.CallSiteArray.defaultCall(CallSiteArray.java:48)
	at org.codehaus.groovy.runtime.callsite.AbstractCallSite.call(AbstractCallSite.java:113)
	at org.codehaus.groovy.runtime.callsite.AbstractCallSite.call(AbstractCallSite.java:141)
	at TempTestSuite1544597928338.run(TempTestSuite1544597928338.groovy:36)
	at groovy.lang.GroovyShell.runScriptOrMainOrTestOrRunnable(GroovyShell.java:263)
	at groovy.lang.GroovyShell.run(GroovyShell.java:518)
	at groovy.lang.GroovyShell.run(GroovyShell.java:507)
	at groovy.ui.GroovyMain.processOnce(GroovyMain.java:653)
	at groovy.ui.GroovyMain.run(GroovyMain.java:384)
	at groovy.ui.GroovyMain.process(GroovyMain.java:370)
	at groovy.ui.GroovyMain.processArgs(GroovyMain.java:129)
	at groovy.ui.GroovyMain.main(GroovyMain.java:109)
	at sun.reflect.NativeMethodAccessorImpl.invoke0(Native Method)
	at sun.reflect.NativeMethodAccessorImpl.invoke(NativeMethodAccessorImpl.java:62)
	at sun.reflect.DelegatingMethodAccessorImpl.invoke(DelegatingMethodAccessorImpl.java:43)
	at java.lang.reflect.Method.invoke(Method.java:498)
	at org.codehaus.groovy.tools.GroovyStarter.rootLoader(GroovyStarter.java:109)
	at org.codehaus.groovy.tools.GroovyStarter.main(GroovyStarter.java:131)
)]]></system-err>
      </testcase>
      <system-out><![CDATA[2018-12-12 12:28:51 - [TEST_SUITE][FAILED] - BATool Test Suite: Test Cases/CreateItemTF FAILED because (of) (Stack trace: com.kms.katalon.core.exception.StepFailedException: Unable to click on object 'Object Repository/Page_Bulk Authoring Tool/a_clicking here' (Root cause: com.kms.katalon.core.webui.exception.WebElementNotFoundException: Web element with id: 'Object Repository/Page_Bulk Authoring Tool/a_clicking here' located by 'By.xpath: //a[contains(text(),'clicking here')]' not found)
	at com.kms.katalon.core.keyword.internal.KeywordMain.stepFailed(KeywordMain.groovy:36)
	at com.kms.katalon.core.webui.keyword.internal.WebUIKeywordMain.stepFailed(WebUIKeywordMain.groovy:65)
	at com.kms.katalon.core.webui.keyword.internal.WebUIKeywordMain.runKeyword(WebUIKeywordMain.groovy:27)
	at com.kms.katalon.core.webui.keyword.builtin.ClickKeyword.click(ClickKeyword.groovy:86)
	at com.kms.katalon.core.webui.keyword.builtin.ClickKeyword.execute(ClickKeyword.groovy:67)
	at com.kms.katalon.core.keyword.internal.KeywordExecutor.executeKeywordForPlatform(KeywordExecutor.groovy:53)
	at com.kms.katalon.core.webui.keyword.WebUiBuiltInKeywords.click(WebUiBuiltInKeywords.groovy:616)
	at com.kms.katalon.core.webui.keyword.WebUiBuiltInKeywords$click$1.call(Unknown Source)
	at org.codehaus.groovy.runtime.callsite.CallSiteArray.defaultCall(CallSiteArray.java:48)
	at org.codehaus.groovy.runtime.callsite.AbstractCallSite.call(AbstractCallSite.java:113)
	at org.codehaus.groovy.runtime.callsite.AbstractCallSite.call(AbstractCallSite.java:125)
	at Script1544083118215.run(Script1544083118215.groovy:72)
	at com.kms.katalon.core.main.ScriptEngine.run(ScriptEngine.java:183)
	at com.kms.katalon.core.main.ScriptEngine.runScriptAsRawText(ScriptEngine.java:108)
	at com.kms.katalon.core.main.TestCaseExecutor.runScript(TestCaseExecutor.java:294)
	at com.kms.katalon.core.main.TestCaseExecutor.doExecute(TestCaseExecutor.java:285)
	at com.kms.katalon.core.main.TestCaseExecutor.processExecutionPhase(TestCaseExecutor.java:264)
	at com.kms.katalon.core.main.TestCaseExecutor.accessMainPhase(TestCaseExecutor.java:256)
	at com.kms.katalon.core.main.TestCaseExecutor.execute(TestCaseExecutor.java:200)
	at com.kms.katalon.core.main.TestSuiteExecutor.accessTestCaseMainPhase(TestSuiteExecutor.java:129)
	at com.kms.katalon.core.main.TestSuiteExecutor.accessTestSuiteMainPhase(TestSuiteExecutor.java:112)
	at com.kms.katalon.core.main.TestSuiteExecutor.execute(TestSuiteExecutor.java:81)
	at com.kms.katalon.core.main.TestCaseMain.startTestSuite(TestCaseMain.java:142)
	at com.kms.katalon.core.main.TestCaseMain$startTestSuite$0.call(Unknown Source)
	at org.codehaus.groovy.runtime.callsite.CallSiteArray.defaultCall(CallSiteArray.java:48)
	at org.codehaus.groovy.runtime.callsite.AbstractCallSite.call(AbstractCallSite.java:113)
	at org.codehaus.groovy.runtime.callsite.AbstractCallSite.call(AbstractCallSite.java:141)
	at TempTestSuite1544597928338.run(TempTestSuite1544597928338.groovy:36)
	at groovy.lang.GroovyShell.runScriptOrMainOrTestOrRunnable(GroovyShell.java:263)
	at groovy.lang.GroovyShell.run(GroovyShell.java:518)
	at groovy.lang.GroovyShell.run(GroovyShell.java:507)
	at groovy.ui.GroovyMain.processOnce(GroovyMain.java:653)
	at groovy.ui.GroovyMain.run(GroovyMain.java:384)
	at groovy.ui.GroovyMain.process(GroovyMain.java:370)
	at groovy.ui.GroovyMain.processArgs(GroovyMain.java:129)
	at groovy.ui.GroovyMain.main(GroovyMain.java:109)
	at sun.reflect.NativeMethodAccessorImpl.invoke0(Native Method)
	at sun.reflect.NativeMethodAccessorImpl.invoke(NativeMethodAccessorImpl.java:62)
	at sun.reflect.DelegatingMethodAccessorImpl.invoke(DelegatingMethodAccessorImpl.java:43)
	at java.lang.reflect.Method.invoke(Method.java:498)
	at org.codehaus.groovy.tools.GroovyStarter.rootLoader(GroovyStarter.java:109)
	at org.codehaus.groovy.tools.GroovyStarter.main(GroovyStarter.java:131)
)]]></system-out>
      <system-err><![CDATA[2018-12-12 12:28:51 - [TEST_SUITE][FAILED] - BATool Test Suite: Test Cases/CreateItemTF FAILED because (of) (Stack trace: com.kms.katalon.core.exception.StepFailedException: Unable to click on object 'Object Repository/Page_Bulk Authoring Tool/a_clicking here' (Root cause: com.kms.katalon.core.webui.exception.WebElementNotFoundException: Web element with id: 'Object Repository/Page_Bulk Authoring Tool/a_clicking here' located by 'By.xpath: //a[contains(text(),'clicking here')]' not found)
	at com.kms.katalon.core.keyword.internal.KeywordMain.stepFailed(KeywordMain.groovy:36)
	at com.kms.katalon.core.webui.keyword.internal.WebUIKeywordMain.stepFailed(WebUIKeywordMain.groovy:65)
	at com.kms.katalon.core.webui.keyword.internal.WebUIKeywordMain.runKeyword(WebUIKeywordMain.groovy:27)
	at com.kms.katalon.core.webui.keyword.builtin.ClickKeyword.click(ClickKeyword.groovy:86)
	at com.kms.katalon.core.webui.keyword.builtin.ClickKeyword.execute(ClickKeyword.groovy:67)
	at com.kms.katalon.core.keyword.internal.KeywordExecutor.executeKeywordForPlatform(KeywordExecutor.groovy:53)
	at com.kms.katalon.core.webui.keyword.WebUiBuiltInKeywords.click(WebUiBuiltInKeywords.groovy:616)
	at com.kms.katalon.core.webui.keyword.WebUiBuiltInKeywords$click$1.call(Unknown Source)
	at org.codehaus.groovy.runtime.callsite.CallSiteArray.defaultCall(CallSiteArray.java:48)
	at org.codehaus.groovy.runtime.callsite.AbstractCallSite.call(AbstractCallSite.java:113)
	at org.codehaus.groovy.runtime.callsite.AbstractCallSite.call(AbstractCallSite.java:125)
	at Script1544083118215.run(Script1544083118215.groovy:72)
	at com.kms.katalon.core.main.ScriptEngine.run(ScriptEngine.java:183)
	at com.kms.katalon.core.main.ScriptEngine.runScriptAsRawText(ScriptEngine.java:108)
	at com.kms.katalon.core.main.TestCaseExecutor.runScript(TestCaseExecutor.java:294)
	at com.kms.katalon.core.main.TestCaseExecutor.doExecute(TestCaseExecutor.java:285)
	at com.kms.katalon.core.main.TestCaseExecutor.processExecutionPhase(TestCaseExecutor.java:264)
	at com.kms.katalon.core.main.TestCaseExecutor.accessMainPhase(TestCaseExecutor.java:256)
	at com.kms.katalon.core.main.TestCaseExecutor.execute(TestCaseExecutor.java:200)
	at com.kms.katalon.core.main.TestSuiteExecutor.accessTestCaseMainPhase(TestSuiteExecutor.java:129)
	at com.kms.katalon.core.main.TestSuiteExecutor.accessTestSuiteMainPhase(TestSuiteExecutor.java:112)
	at com.kms.katalon.core.main.TestSuiteExecutor.execute(TestSuiteExecutor.java:81)
	at com.kms.katalon.core.main.TestCaseMain.startTestSuite(TestCaseMain.java:142)
	at com.kms.katalon.core.main.TestCaseMain$startTestSuite$0.call(Unknown Source)
	at org.codehaus.groovy.runtime.callsite.CallSiteArray.defaultCall(CallSiteArray.java:48)
	at org.codehaus.groovy.runtime.callsite.AbstractCallSite.call(AbstractCallSite.java:113)
	at org.codehaus.groovy.runtime.callsite.AbstractCallSite.call(AbstractCallSite.java:141)
	at TempTestSuite1544597928338.run(TempTestSuite1544597928338.groovy:36)
	at groovy.lang.GroovyShell.runScriptOrMainOrTestOrRunnable(GroovyShell.java:263)
	at groovy.lang.GroovyShell.run(GroovyShell.java:518)
	at groovy.lang.GroovyShell.run(GroovyShell.java:507)
	at groovy.ui.GroovyMain.processOnce(GroovyMain.java:653)
	at groovy.ui.GroovyMain.run(GroovyMain.java:384)
	at groovy.ui.GroovyMain.process(GroovyMain.java:370)
	at groovy.ui.GroovyMain.processArgs(GroovyMain.java:129)
	at groovy.ui.GroovyMain.main(GroovyMain.java:109)
	at sun.reflect.NativeMethodAccessorImpl.invoke0(Native Method)
	at sun.reflect.NativeMethodAccessorImpl.invoke(NativeMethodAccessorImpl.java:62)
	at sun.reflect.DelegatingMethodAccessorImpl.invoke(DelegatingMethodAccessorImpl.java:43)
	at java.lang.reflect.Method.invoke(Method.java:498)
	at org.codehaus.groovy.tools.GroovyStarter.rootLoader(GroovyStarter.java:109)
	at org.codehaus.groovy.tools.GroovyStarter.main(GroovyStarter.java:131)
)]]></system-err>
   </testsuite>
</testsuites>
